2024-08-16 08:38:05,540 - FanTools - INFO - 日志模块加载完毕，开始记录日志。
2024-08-16 08:38:05,656 - FanTools - DEBUG - 各前置模块加载完毕，开始实现窗口。
2024-08-16 08:38:06,780 - FanTools - DEBUG - 窗口参数设置完毕。
2024-08-16 08:38:06,966 - FanTools - DEBUG - 启动页面已实现。
2024-08-16 08:38:07,755 - FanTools.MainPage - DEBUG - 页面初始化完毕。
2024-08-16 08:38:07,783 - FanTools.DownloadPage - DEBUG - 页面初始化完毕。
2024-08-16 08:38:07,790 - FanTools.HashPage - DEBUG - 页面初始化完毕。
2024-08-16 08:38:07,898 - FanTools.TranslateToolPage - INFO - 单词条翻译工具初始化完毕。
2024-08-16 08:38:07,977 - FanTools.TranslatePage - DEBUG - 页面初始化完毕。
2024-08-16 08:38:08,124 - FanTools.ConfigPage - DEBUG - 页面初始化完毕。
2024-08-16 08:38:08,350 - FanTools - DEBUG - 窗口子页面全部添加。
2024-08-16 08:38:08,351 - FanTools - INFO - 启动页面隐藏，窗口已经实现。
2024-08-16 08:38:11,348 - FanTools.TranslatePage - DEBUG - 按下按钮，打开翻译项目工程文件选择器。
2024-08-16 08:38:13,829 - FanTools.TranslatePage - DEBUG - 用户选中下列文件作为翻译工程文件：C:/Users/mango/PycharmProjects/FanTools/file/testAAA.ft-translateProject.txt | *.ft-translateProject.txt
2024-08-16 08:38:13,840 - FanTools.TranslatePage - DEBUG - 由于文件类型选择为 *.ft-translateProject.txt，已经展示鼓励信息。
2024-08-16 08:38:13,840 - FanTools.TranslatePage - INFO - 选中文件 C:/Users/mango/PycharmProjects/FanTools/file/testAAA.ft-translateProject.txt 作为翻译工程文件。
2024-08-16 08:38:15,480 - FanTools.funcT - INFO - 加载了一个包含 1426 个词条的翻译项目。（工程文件路径为 C:/Users/mango/PycharmProjects/FanTools/file/testAAA.ft-translateProject.txt）
2024-08-16 08:38:15,481 - FanTools.TranslateToolPage - DEBUG - 成功获取ID为 1 的翻译词条对象。
2024-08-16 08:38:15,481 - FanTools.TranslateToolPage - DEBUG - 翻译器条目刷新完毕（1）。
2024-08-16 08:38:15,481 - FanTools.TranslateToolPage - DEBUG - 已经将翻译项目设置为 C:/Users/mango/PycharmProjects/FanTools/file/testAAA.ft-translateProject.txt
2024-08-16 08:38:15,481 - FanTools.TranslatePage - INFO - 单词条翻译器已经启动。
2024-08-16 08:38:35,005 - FanTools.TranslatePage - WARNING - 尝试多开翻译器窗口，已经阻止操作并警告。
2024-08-16 08:38:49,896 - FanTools.ConfigPage - INFO - 由于设置变动，程序主题已更改为 light
2024-08-16 08:39:24,763 - FanTools.ConfigPage - INFO - 由于设置变动，程序主题已更改为 dark
2024-08-16 08:39:29,176 - FanTools.ConfigPage - INFO - 由于设置变动，程序主题已更改为 auto
2024-08-16 08:39:33,755 - FanTools.ConfigPage - INFO - 由于设置变动，程序主题已更改为 light
2024-08-16 08:39:37,605 - FanTools.ConfigPage - INFO - 由于设置变动，程序主题已更改为 auto
2024-08-16 08:39:49,918 - FanTools.ConfigPage - INFO - 由于设置变动，程序主题色已更改为 PySide2.QtGui.QColor.fromHsvF(0.169444, 1.000000, 1.000000, 1.000000)
2024-08-16 08:40:03,427 - FanTools.ConfigPage - INFO - 由于设置变动，程序主题色已更改为 PySide2.QtGui.QColor.fromHsvF(0.702778, 0.917647, 1.000000, 1.000000)
2024-08-16 08:40:09,410 - FanTools.TranslatePage - WARNING - 尝试多开翻译器窗口，已经阻止操作并警告。
2024-08-16 08:40:12,158 - FanTools.TranslateToolPage - ERROR - 尝试获取ID为 0 的翻译词条对象时失败，该ID可能超出了词条总数导致不存在。
